[Sat Feb 11 16:33:04.139874 2023] [authz_core:error] [pid 1172:tid 1144] [client ::1:60633] AH01630: client denied by server configuration: D:/My Programming Projects/My Projects/mysite/staticfilescss, referer: http://localhost:8080/
[Sat Feb 11 16:33:04.144840 2023] [authz_core:error] [pid 1172:tid 1144] [client ::1:60633] AH01630: client denied by server configuration: D:/My Programming Projects/My Projects/mysite/staticfilescss, referer: http://localhost:8080/
[Sat Feb 11 16:33:04.144840 2023] [authz_core:error] [pid 1172:tid 1136] [client ::1:60635] AH01630: client denied by server configuration: D:/My Programming Projects/My Projects/mysite/staticfilesjs, referer: http://localhost:8080/
[Sat Feb 11 16:33:04.149808 2023] [authz_core:error] [pid 1172:tid 1136] [client ::1:60635] AH01630: client denied by server configuration: D:/My Programming Projects/My Projects/mysite/staticfilesimages, referer: http://localhost:8080/
[Sat Feb 11 16:33:04.202509 2023] [authz_core:error] [pid 1172:tid 1136] [client ::1:60635] AH01630: client denied by server configuration: D:/My Programming Projects/My Projects/mysite/staticfilesicons, referer: http://localhost:8080/
[Sat Feb 11 16:38:04.487200 2023] [authz_core:error] [pid 1172:tid 1144] [client ::1:60645] AH01630: client denied by server configuration: D:/My Programming Projects/My Projects/mysite/staticfilescss, referer: http://localhost:8080/
[Sat Feb 11 16:38:04.487200 2023] [authz_core:error] [pid 1172:tid 1136] [client ::1:60644] AH01630: client denied by server configuration: D:/My Programming Projects/My Projects/mysite/staticfilescss, referer: http://localhost:8080/
[Sat Feb 11 16:41:32.777745 2023] [authz_core:error] [pid 1172:tid 1136] [client ::1:60754] AH01630: client denied by server configuration: D:/My Programming Projects/My Projects/mysite/staticfilescss, referer: http://localhost:8080/
[Sat Feb 11 16:41:32.777745 2023] [authz_core:error] [pid 1172:tid 1144] [client ::1:60755] AH01630: client denied by server configuration: D:/My Programming Projects/My Projects/mysite/staticfilescss, referer: http://localhost:8080/
[Sat Feb 11 16:41:32.784698 2023] [authz_core:error] [pid 1172:tid 1128] [client ::1:60756] AH01630: client denied by server configuration: D:/My Programming Projects/My Projects/mysite/staticfilesjs, referer: http://localhost:8080/
[Sat Feb 11 16:41:32.787682 2023] [authz_core:error] [pid 1172:tid 1136] [client ::1:60754] AH01630: client denied by server configuration: D:/My Programming Projects/My Projects/mysite/staticfilesimages, referer: http://localhost:8080/
[Sat Feb 11 16:41:32.801586 2023] [authz_core:error] [pid 1172:tid 1136] [client ::1:60754] AH01630: client denied by server configuration: D:/My Programming Projects/My Projects/mysite/staticfilesicons, referer: http://localhost:8080/
[Sat Feb 11 16:41:33.390393 2023] [authz_core:error] [pid 1172:tid 1136] [client ::1:60754] AH01630: client denied by server configuration: D:/My Programming Projects/My Projects/mysite/staticfilescss, referer: http://localhost:8080/
[Sat Feb 11 16:41:33.392381 2023] [authz_core:error] [pid 1172:tid 1128] [client ::1:60756] AH01630: client denied by server configuration: D:/My Programming Projects/My Projects/mysite/staticfilescss, referer: http://localhost:8080/
[Sat Feb 11 16:41:33.394366 2023] [authz_core:error] [pid 1172:tid 1144] [client ::1:60755] AH01630: client denied by server configuration: D:/My Programming Projects/My Projects/mysite/staticfilesjs, referer: http://localhost:8080/
[Sat Feb 11 16:41:33.396353 2023] [authz_core:error] [pid 1172:tid 1136] [client ::1:60754] AH01630: client denied by server configuration: D:/My Programming Projects/My Projects/mysite/staticfilesimages, referer: http://localhost:8080/
[Sat Feb 11 16:41:33.416220 2023] [authz_core:error] [pid 1172:tid 1136] [client ::1:60754] AH01630: client denied by server configuration: D:/My Programming Projects/My Projects/mysite/staticfilesicons, referer: http://localhost:8080/
[Sat Feb 11 16:41:33.776388 2023] [authz_core:error] [pid 1172:tid 1136] [client ::1:60754] AH01630: client denied by server configuration: D:/My Programming Projects/My Projects/mysite/staticfilescss, referer: http://localhost:8080/
[Sat Feb 11 16:41:33.776388 2023] [authz_core:error] [pid 1172:tid 1128] [client ::1:60756] AH01630: client denied by server configuration: D:/My Programming Projects/My Projects/mysite/staticfilesjs, referer: http://localhost:8080/
[Sat Feb 11 16:41:33.777382 2023] [authz_core:error] [pid 1172:tid 1144] [client ::1:60755] AH01630: client denied by server configuration: D:/My Programming Projects/My Projects/mysite/staticfilescss, referer: http://localhost:8080/
[Sat Feb 11 16:41:33.780364 2023] [authz_core:error] [pid 1172:tid 1120] [client ::1:60757] AH01630: client denied by server configuration: D:/My Programming Projects/My Projects/mysite/staticfilesimages, referer: http://localhost:8080/
[Sat Feb 11 16:41:33.802222 2023] [authz_core:error] [pid 1172:tid 1120] [client ::1:60757] AH01630: client denied by server configuration: D:/My Programming Projects/My Projects/mysite/staticfilesicons, referer: http://localhost:8080/
[Sat Feb 11 16:41:33.956566 2023] [authz_core:error] [pid 1172:tid 1120] [client ::1:60757] AH01630: client denied by server configuration: D:/My Programming Projects/My Projects/mysite/staticfilescss, referer: http://localhost:8080/
[Sat Feb 11 16:41:33.958553 2023] [authz_core:error] [pid 1172:tid 1144] [client ::1:60755] AH01630: client denied by server configuration: D:/My Programming Projects/My Projects/mysite/staticfilescss, referer: http://localhost:8080/
[Sat Feb 11 16:41:33.958553 2023] [authz_core:error] [pid 1172:tid 1128] [client ::1:60756] AH01630: client denied by server configuration: D:/My Programming Projects/My Projects/mysite/staticfilesjs, referer: http://localhost:8080/
[Sat Feb 11 16:41:33.964514 2023] [authz_core:error] [pid 1172:tid 1120] [client ::1:60757] AH01630: client denied by server configuration: D:/My Programming Projects/My Projects/mysite/staticfilesimages, referer: http://localhost:8080/
[Sat Feb 11 16:41:33.981402 2023] [authz_core:error] [pid 1172:tid 1120] [client ::1:60757] AH01630: client denied by server configuration: D:/My Programming Projects/My Projects/mysite/staticfilesicons, referer: http://localhost:8080/
[Sat Feb 11 16:41:34.124310 2023] [authz_core:error] [pid 1172:tid 1120] [client ::1:60757] AH01630: client denied by server configuration: D:/My Programming Projects/My Projects/mysite/staticfilescss, referer: http://localhost:8080/
[Sat Feb 11 16:41:34.124310 2023] [authz_core:error] [pid 1172:tid 1144] [client ::1:60755] AH01630: client denied by server configuration: D:/My Programming Projects/My Projects/mysite/staticfilescss, referer: http://localhost:8080/
[Sat Feb 11 16:41:34.124310 2023] [authz_core:error] [pid 1172:tid 1128] [client ::1:60756] AH01630: client denied by server configuration: D:/My Programming Projects/My Projects/mysite/staticfilesjs, referer: http://localhost:8080/
[Sat Feb 11 16:41:34.124310 2023] [authz_core:error] [pid 1172:tid 1136] [client ::1:60754] AH01630: client denied by server configuration: D:/My Programming Projects/My Projects/mysite/staticfilesimages, referer: http://localhost:8080/
[Sat Feb 11 16:41:34.145174 2023] [authz_core:error] [pid 1172:tid 1136] [client ::1:60754] AH01630: client denied by server configuration: D:/My Programming Projects/My Projects/mysite/staticfilesicons, referer: http://localhost:8080/
[Sat Feb 11 16:41:34.308341 2023] [authz_core:error] [pid 1172:tid 1136] [client ::1:60754] AH01630: client denied by server configuration: D:/My Programming Projects/My Projects/mysite/staticfilescss, referer: http://localhost:8080/
[Sat Feb 11 16:41:34.308341 2023] [authz_core:error] [pid 1172:tid 1128] [client ::1:60756] AH01630: client denied by server configuration: D:/My Programming Projects/My Projects/mysite/staticfilescss, referer: http://localhost:8080/
[Sat Feb 11 16:41:34.309335 2023] [authz_core:error] [pid 1172:tid 1144] [client ::1:60755] AH01630: client denied by server configuration: D:/My Programming Projects/My Projects/mysite/staticfilesjs, referer: http://localhost:8080/
[Sat Feb 11 16:41:34.313308 2023] [authz_core:error] [pid 1172:tid 1120] [client ::1:60757] AH01630: client denied by server configuration: D:/My Programming Projects/My Projects/mysite/staticfilesimages, referer: http://localhost:8080/
[Sat Feb 11 16:41:34.332181 2023] [authz_core:error] [pid 1172:tid 1120] [client ::1:60757] AH01630: client denied by server configuration: D:/My Programming Projects/My Projects/mysite/staticfilesicons, referer: http://localhost:8080/
[Sat Feb 11 16:41:47.455374 2023] [authz_core:error] [pid 1172:tid 1120] [client ::1:60764] AH01630: client denied by server configuration: D:/My Programming Projects/My Projects/mysite/staticfilescss, referer: http://localhost:8080/
[Sat Feb 11 16:41:47.458354 2023] [authz_core:error] [pid 1172:tid 1144] [client ::1:60765] AH01630: client denied by server configuration: D:/My Programming Projects/My Projects/mysite/staticfilescss, referer: http://localhost:8080/
[Sat Feb 11 16:41:47.461334 2023] [authz_core:error] [pid 1172:tid 1120] [client ::1:60764] AH01630: client denied by server configuration: D:/My Programming Projects/My Projects/mysite/staticfilesimages, referer: http://localhost:8080/
[Sat Feb 11 16:41:47.461334 2023] [authz_core:error] [pid 1172:tid 1128] [client ::1:60766] AH01630: client denied by server configuration: D:/My Programming Projects/My Projects/mysite/staticfilesjs, referer: http://localhost:8080/
[Sat Feb 11 16:41:47.484181 2023] [authz_core:error] [pid 1172:tid 1120] [client ::1:60764] AH01630: client denied by server configuration: D:/My Programming Projects/My Projects/mysite/staticfilesicons, referer: http://localhost:8080/
[Sat Feb 11 16:41:48.014709 2023] [authz_core:error] [pid 1172:tid 1120] [client ::1:60764] AH01630: client denied by server configuration: D:/My Programming Projects/My Projects/mysite/staticfilescss, referer: http://localhost:8080/
[Sat Feb 11 16:41:48.020667 2023] [authz_core:error] [pid 1172:tid 1128] [client ::1:60766] AH01630: client denied by server configuration: D:/My Programming Projects/My Projects/mysite/staticfilescss, referer: http://localhost:8080/
[Sat Feb 11 16:41:48.021659 2023] [authz_core:error] [pid 1172:tid 1144] [client ::1:60765] AH01630: client denied by server configuration: D:/My Programming Projects/My Projects/mysite/staticfilesjs, referer: http://localhost:8080/
[Sat Feb 11 16:41:48.023646 2023] [authz_core:error] [pid 1172:tid 1136] [client ::1:60767] AH01630: client denied by server configuration: D:/My Programming Projects/My Projects/mysite/staticfilesimages, referer: http://localhost:8080/
[Sat Feb 11 16:41:48.046494 2023] [authz_core:error] [pid 1172:tid 1136] [client ::1:60767] AH01630: client denied by server configuration: D:/My Programming Projects/My Projects/mysite/staticfilesicons, referer: http://localhost:8080/
[Sat Feb 11 16:41:51.095226 2023] [authz_core:error] [pid 1172:tid 1136] [client ::1:60770] AH01630: client denied by server configuration: D:/My Programming Projects/My Projects/mysite/staticfilescss, referer: http://localhost:8080/
[Sat Feb 11 16:41:51.096221 2023] [authz_core:error] [pid 1172:tid 1144] [client ::1:60771] AH01630: client denied by server configuration: D:/My Programming Projects/My Projects/mysite/staticfilescss, referer: http://localhost:8080/
[Sat Feb 11 16:41:51.099206 2023] [authz_core:error] [pid 1172:tid 1128] [client ::1:60772] AH01630: client denied by server configuration: D:/My Programming Projects/My Projects/mysite/staticfilesjs, referer: http://localhost:8080/
[Sat Feb 11 16:41:51.099206 2023] [authz_core:error] [pid 1172:tid 1120] [client ::1:60773] AH01630: client denied by server configuration: D:/My Programming Projects/My Projects/mysite/staticfilesimages, referer: http://localhost:8080/
[Sat Feb 11 16:41:51.118073 2023] [authz_core:error] [pid 1172:tid 1120] [client ::1:60773] AH01630: client denied by server configuration: D:/My Programming Projects/My Projects/mysite/staticfilesicons, referer: http://localhost:8080/
[Sat Feb 11 16:41:51.712363 2023] [authz_core:error] [pid 1172:tid 1120] [client ::1:60773] AH01630: client denied by server configuration: D:/My Programming Projects/My Projects/mysite/staticfilescss, referer: http://localhost:8080/
[Sat Feb 11 16:41:51.713356 2023] [authz_core:error] [pid 1172:tid 1128] [client ::1:60772] AH01630: client denied by server configuration: D:/My Programming Projects/My Projects/mysite/staticfilescss, referer: http://localhost:8080/
[Sat Feb 11 16:41:51.716338 2023] [authz_core:error] [pid 1172:tid 1144] [client ::1:60771] AH01630: client denied by server configuration: D:/My Programming Projects/My Projects/mysite/staticfilesjs, referer: http://localhost:8080/
[Sat Feb 11 16:41:51.717329 2023] [authz_core:error] [pid 1172:tid 1136] [client ::1:60770] AH01630: client denied by server configuration: D:/My Programming Projects/My Projects/mysite/staticfilesimages, referer: http://localhost:8080/
[Sat Feb 11 16:41:51.740176 2023] [authz_core:error] [pid 1172:tid 1136] [client ::1:60770] AH01630: client denied by server configuration: D:/My Programming Projects/My Projects/mysite/staticfilesicons, referer: http://localhost:8080/
[Sat Feb 11 16:44:57.201220 2023] [authz_core:error] [pid 8176:tid 1144] [client ::1:60874] AH01630: client denied by server configuration: D:/My Programming Projects/My Projects/mysite/staticfilescss, referer: http://localhost:8080/
[Sat Feb 11 16:44:57.202214 2023] [authz_core:error] [pid 8176:tid 1140] [client ::1:60875] AH01630: client denied by server configuration: D:/My Programming Projects/My Projects/mysite/staticfilescss, referer: http://localhost:8080/
[Sat Feb 11 16:44:57.206187 2023] [authz_core:error] [pid 8176:tid 1132] [client ::1:60877] AH01630: client denied by server configuration: D:/My Programming Projects/My Projects/mysite/staticfilesjs, referer: http://localhost:8080/
[Sat Feb 11 16:44:57.206187 2023] [authz_core:error] [pid 8176:tid 1116] [client ::1:60878] AH01630: client denied by server configuration: D:/My Programming Projects/My Projects/mysite/staticfilesimages, referer: http://localhost:8080/
[Sat Feb 11 16:44:57.234000 2023] [authz_core:error] [pid 8176:tid 1116] [client ::1:60878] AH01630: client denied by server configuration: D:/My Programming Projects/My Projects/mysite/staticfilesicons, referer: http://localhost:8080/
[Sat Feb 11 16:44:59.567121 2023] [authz_core:error] [pid 8176:tid 1116] [client ::1:60878] AH01630: client denied by server configuration: D:/My Programming Projects/My Projects/mysite/staticfilescss, referer: http://localhost:8080/
[Sat Feb 11 16:44:59.572090 2023] [authz_core:error] [pid 8176:tid 1132] [client ::1:60877] AH01630: client denied by server configuration: D:/My Programming Projects/My Projects/mysite/staticfilescss, referer: http://localhost:8080/
[Sat Feb 11 16:44:59.572090 2023] [authz_core:error] [pid 8176:tid 1144] [client ::1:60874] AH01630: client denied by server configuration: D:/My Programming Projects/My Projects/mysite/staticfilesjs, referer: http://localhost:8080/
[Sat Feb 11 16:44:59.573082 2023] [authz_core:error] [pid 8176:tid 1140] [client ::1:60875] AH01630: client denied by server configuration: D:/My Programming Projects/My Projects/mysite/staticfilesimages, referer: http://localhost:8080/
[Sat Feb 11 16:44:59.590962 2023] [authz_core:error] [pid 8176:tid 1140] [client ::1:60875] AH01630: client denied by server configuration: D:/My Programming Projects/My Projects/mysite/staticfilesicons, referer: http://localhost:8080/
[Sat Feb 11 16:46:05.844944 2023] [authz_core:error] [pid 8176:tid 1140] [client ::1:60912] AH01630: client denied by server configuration: D:/My Programming Projects/My Projects/mysite/staticfilescss, referer: http://localhost:8080/
[Sat Feb 11 16:46:05.845938 2023] [authz_core:error] [pid 8176:tid 1144] [client ::1:60913] AH01630: client denied by server configuration: D:/My Programming Projects/My Projects/mysite/staticfilescss, referer: http://localhost:8080/
[Sat Feb 11 16:46:05.846930 2023] [authz_core:error] [pid 8176:tid 1132] [client ::1:60914] AH01630: client denied by server configuration: D:/My Programming Projects/My Projects/mysite/staticfilesjs, referer: http://localhost:8080/
[Sat Feb 11 16:46:05.849911 2023] [authz_core:error] [pid 8176:tid 1116] [client ::1:60915] AH01630: client denied by server configuration: D:/My Programming Projects/My Projects/mysite/staticfilesimages, referer: http://localhost:8080/
[Sat Feb 11 16:46:05.869779 2023] [authz_core:error] [pid 8176:tid 1116] [client ::1:60915] AH01630: client denied by server configuration: D:/My Programming Projects/My Projects/mysite/staticfilesicons, referer: http://localhost:8080/
[Sat Feb 11 16:46:06.649021 2023] [authz_core:error] [pid 8176:tid 1116] [client ::1:60915] AH01630: client denied by server configuration: D:/My Programming Projects/My Projects/mysite/staticfilescss, referer: http://localhost:8080/
[Sat Feb 11 16:46:06.650016 2023] [authz_core:error] [pid 8176:tid 1132] [client ::1:60914] AH01630: client denied by server configuration: D:/My Programming Projects/My Projects/mysite/staticfilescss, referer: http://localhost:8080/
[Sat Feb 11 16:46:06.650016 2023] [authz_core:error] [pid 8176:tid 1140] [client ::1:60912] AH01630: client denied by server configuration: D:/My Programming Projects/My Projects/mysite/staticfilesjs, referer: http://localhost:8080/
[Sat Feb 11 16:46:06.652002 2023] [authz_core:error] [pid 8176:tid 1144] [client ::1:60913] AH01630: client denied by server configuration: D:/My Programming Projects/My Projects/mysite/staticfilesimages, referer: http://localhost:8080/
[Sat Feb 11 16:46:06.681802 2023] [authz_core:error] [pid 8176:tid 1144] [client ::1:60913] AH01630: client denied by server configuration: D:/My Programming Projects/My Projects/mysite/staticfilesicons, referer: http://localhost:8080/
[Sat Feb 11 16:46:07.445047 2023] [authz_core:error] [pid 8176:tid 1144] [client ::1:60913] AH01630: client denied by server configuration: D:/My Programming Projects/My Projects/mysite/staticfilescss, referer: http://localhost:8080/
[Sat Feb 11 16:46:07.446043 2023] [authz_core:error] [pid 8176:tid 1132] [client ::1:60914] AH01630: client denied by server configuration: D:/My Programming Projects/My Projects/mysite/staticfilescss, referer: http://localhost:8080/
[Sat Feb 11 16:46:07.448027 2023] [authz_core:error] [pid 8176:tid 1140] [client ::1:60912] AH01630: client denied by server configuration: D:/My Programming Projects/My Projects/mysite/staticfilesjs, referer: http://localhost:8080/
[Sat Feb 11 16:46:07.449021 2023] [authz_core:error] [pid 8176:tid 1116] [client ::1:60915] AH01630: client denied by server configuration: D:/My Programming Projects/My Projects/mysite/staticfilesimages, referer: http://localhost:8080/
[Sat Feb 11 16:46:07.469884 2023] [authz_core:error] [pid 8176:tid 1116] [client ::1:60915] AH01630: client denied by server configuration: D:/My Programming Projects/My Projects/mysite/staticfilesicons, referer: http://localhost:8080/
[Sat Feb 11 16:46:09.309060 2023] [authz_core:error] [pid 8176:tid 1116] [client ::1:60915] AH01630: client denied by server configuration: D:/My Programming Projects/My Projects/mysite/staticfilescss, referer: http://localhost:8080/
[Sat Feb 11 16:46:09.311048 2023] [authz_core:error] [pid 8176:tid 1140] [client ::1:60912] AH01630: client denied by server configuration: D:/My Programming Projects/My Projects/mysite/staticfilescss, referer: http://localhost:8080/
[Sat Feb 11 16:46:09.312040 2023] [authz_core:error] [pid 8176:tid 1132] [client ::1:60914] AH01630: client denied by server configuration: D:/My Programming Projects/My Projects/mysite/staticfilesjs, referer: http://localhost:8080/
[Sat Feb 11 16:46:09.313033 2023] [authz_core:error] [pid 8176:tid 1144] [client ::1:60913] AH01630: client denied by server configuration: D:/My Programming Projects/My Projects/mysite/staticfilesimages, referer: http://localhost:8080/
[Sat Feb 11 16:46:09.333928 2023] [authz_core:error] [pid 8176:tid 1144] [client ::1:60913] AH01630: client denied by server configuration: D:/My Programming Projects/My Projects/mysite/staticfilesicons, referer: http://localhost:8080/
[Sat Feb 11 16:46:09.855770 2023] [authz_core:error] [pid 8176:tid 1144] [client ::1:60913] AH01630: client denied by server configuration: D:/My Programming Projects/My Projects/mysite/staticfilescss, referer: http://localhost:8080/
[Sat Feb 11 16:46:09.857735 2023] [authz_core:error] [pid 8176:tid 1132] [client ::1:60914] AH01630: client denied by server configuration: D:/My Programming Projects/My Projects/mysite/staticfilescss, referer: http://localhost:8080/
[Sat Feb 11 16:46:09.858729 2023] [authz_core:error] [pid 8176:tid 1140] [client ::1:60912] AH01630: client denied by server configuration: D:/My Programming Projects/My Projects/mysite/staticfilesjs, referer: http://localhost:8080/
[Sat Feb 11 16:46:09.858729 2023] [authz_core:error] [pid 8176:tid 1116] [client ::1:60915] AH01630: client denied by server configuration: D:/My Programming Projects/My Projects/mysite/staticfilesimages, referer: http://localhost:8080/
[Sat Feb 11 16:46:09.878595 2023] [authz_core:error] [pid 8176:tid 1116] [client ::1:60915] AH01630: client denied by server configuration: D:/My Programming Projects/My Projects/mysite/staticfilesicons, referer: http://localhost:8080/
[Sat Feb 11 16:46:30.283973 2023] [authz_core:error] [pid 8176:tid 1116] [client ::1:60930] AH01630: client denied by server configuration: D:/My Programming Projects/My Projects/mysite/staticfilescss, referer: http://localhost:8080/
[Sat Feb 11 16:46:30.284967 2023] [authz_core:error] [pid 8176:tid 1132] [client ::1:60931] AH01630: client denied by server configuration: D:/My Programming Projects/My Projects/mysite/staticfilescss, referer: http://localhost:8080/
[Sat Feb 11 16:46:30.286950 2023] [authz_core:error] [pid 8176:tid 1140] [client ::1:60932] AH01630: client denied by server configuration: D:/My Programming Projects/My Projects/mysite/staticfilesjs, referer: http://localhost:8080/
[Sat Feb 11 16:46:30.286950 2023] [authz_core:error] [pid 8176:tid 1144] [client ::1:60933] AH01630: client denied by server configuration: D:/My Programming Projects/My Projects/mysite/staticfilesimages, referer: http://localhost:8080/
[Sat Feb 11 16:46:30.309794 2023] [authz_core:error] [pid 8176:tid 1144] [client ::1:60933] AH01630: client denied by server configuration: D:/My Programming Projects/My Projects/mysite/staticfilesicons, referer: http://localhost:8080/
[Sat Feb 11 16:46:31.054277 2023] [authz_core:error] [pid 8176:tid 1144] [client ::1:60935] AH01630: client denied by server configuration: D:/My Programming Projects/My Projects/mysite/staticfilescss, referer: http://localhost:8080/
[Sat Feb 11 16:46:31.055271 2023] [authz_core:error] [pid 8176:tid 1140] [client ::1:60936] AH01630: client denied by server configuration: D:/My Programming Projects/My Projects/mysite/staticfilescss, referer: http://localhost:8080/
[Sat Feb 11 16:46:31.059244 2023] [authz_core:error] [pid 8176:tid 1116] [client ::1:60937] AH01630: client denied by server configuration: D:/My Programming Projects/My Projects/mysite/staticfilesjs, referer: http://localhost:8080/
[Sat Feb 11 16:46:31.060238 2023] [authz_core:error] [pid 8176:tid 1132] [client ::1:60938] AH01630: client denied by server configuration: D:/My Programming Projects/My Projects/mysite/staticfilesimages, referer: http://localhost:8080/
[Sat Feb 11 16:46:31.078116 2023] [authz_core:error] [pid 8176:tid 1132] [client ::1:60938] AH01630: client denied by server configuration: D:/My Programming Projects/My Projects/mysite/staticfilesicons, referer: http://localhost:8080/
[Sat Feb 11 16:46:31.433999 2023] [authz_core:error] [pid 8176:tid 1132] [client ::1:60938] AH01630: client denied by server configuration: D:/My Programming Projects/My Projects/mysite/staticfilescss, referer: http://localhost:8080/
[Sat Feb 11 16:46:31.434994 2023] [authz_core:error] [pid 8176:tid 1116] [client ::1:60937] AH01630: client denied by server configuration: D:/My Programming Projects/My Projects/mysite/staticfilescss, referer: http://localhost:8080/
[Sat Feb 11 16:46:31.434994 2023] [authz_core:error] [pid 8176:tid 1140] [client ::1:60936] AH01630: client denied by server configuration: D:/My Programming Projects/My Projects/mysite/staticfilesjs, referer: http://localhost:8080/
[Sat Feb 11 16:46:31.436977 2023] [authz_core:error] [pid 8176:tid 1144] [client ::1:60935] AH01630: client denied by server configuration: D:/My Programming Projects/My Projects/mysite/staticfilesimages, referer: http://localhost:8080/
[Sat Feb 11 16:46:31.456844 2023] [authz_core:error] [pid 8176:tid 1144] [client ::1:60935] AH01630: client denied by server configuration: D:/My Programming Projects/My Projects/mysite/staticfilesicons, referer: http://localhost:8080/
[Sat Feb 11 16:46:31.607122 2023] [authz_core:error] [pid 8176:tid 1144] [client ::1:60935] AH01630: client denied by server configuration: D:/My Programming Projects/My Projects/mysite/staticfilescss, referer: http://localhost:8080/
[Sat Feb 11 16:46:31.607122 2023] [authz_core:error] [pid 8176:tid 1140] [client ::1:60936] AH01630: client denied by server configuration: D:/My Programming Projects/My Projects/mysite/staticfilescss, referer: http://localhost:8080/
[Sat Feb 11 16:46:31.607122 2023] [authz_core:error] [pid 8176:tid 1116] [client ::1:60937] AH01630: client denied by server configuration: D:/My Programming Projects/My Projects/mysite/staticfilesjs, referer: http://localhost:8080/
[Sat Feb 11 16:46:31.607122 2023] [authz_core:error] [pid 8176:tid 1132] [client ::1:60938] AH01630: client denied by server configuration: D:/My Programming Projects/My Projects/mysite/staticfilesimages, referer: http://localhost:8080/
[Sat Feb 11 16:46:31.627982 2023] [authz_core:error] [pid 8176:tid 1132] [client ::1:60938] AH01630: client denied by server configuration: D:/My Programming Projects/My Projects/mysite/staticfilesicons, referer: http://localhost:8080/
[Sat Feb 11 16:46:31.778375 2023] [authz_core:error] [pid 8176:tid 1132] [client ::1:60938] AH01630: client denied by server configuration: D:/My Programming Projects/My Projects/mysite/staticfilescss, referer: http://localhost:8080/
[Sat Feb 11 16:46:31.781351 2023] [authz_core:error] [pid 8176:tid 1116] [client ::1:60937] AH01630: client denied by server configuration: D:/My Programming Projects/My Projects/mysite/staticfilescss, referer: http://localhost:8080/
[Sat Feb 11 16:46:31.781351 2023] [authz_core:error] [pid 8176:tid 1140] [client ::1:60936] AH01630: client denied by server configuration: D:/My Programming Projects/My Projects/mysite/staticfilesjs, referer: http://localhost:8080/
[Sat Feb 11 16:46:31.784334 2023] [authz_core:error] [pid 8176:tid 1144] [client ::1:60935] AH01630: client denied by server configuration: D:/My Programming Projects/My Projects/mysite/staticfilesimages, referer: http://localhost:8080/
[Sat Feb 11 16:46:31.808169 2023] [authz_core:error] [pid 8176:tid 1144] [client ::1:60935] AH01630: client denied by server configuration: D:/My Programming Projects/My Projects/mysite/staticfilesicons, referer: http://localhost:8080/
[Sat Feb 11 16:46:32.310009 2023] [authz_core:error] [pid 8176:tid 1144] [client ::1:60935] AH01630: client denied by server configuration: D:/My Programming Projects/My Projects/mysite/staticfilescss, referer: http://localhost:8080/
[Sat Feb 11 16:46:32.314976 2023] [authz_core:error] [pid 8176:tid 1116] [client ::1:60937] AH01630: client denied by server configuration: D:/My Programming Projects/My Projects/mysite/staticfilescss, referer: http://localhost:8080/
[Sat Feb 11 16:46:32.318951 2023] [authz_core:error] [pid 8176:tid 1144] [client ::1:60935] AH01630: client denied by server configuration: D:/My Programming Projects/My Projects/mysite/staticfilesjs, referer: http://localhost:8080/
[Sat Feb 11 16:46:32.319941 2023] [authz_core:error] [pid 8176:tid 1140] [client ::1:60936] AH01630: client denied by server configuration: D:/My Programming Projects/My Projects/mysite/staticfilesimages, referer: http://localhost:8080/
[Sat Feb 11 16:46:32.340802 2023] [authz_core:error] [pid 8176:tid 1140] [client ::1:60936] AH01630: client denied by server configuration: D:/My Programming Projects/My Projects/mysite/staticfilesicons, referer: http://localhost:8080/
[Sat Feb 11 16:47:55.574875 2023] [authz_core:error] [pid 4604:tid 1140] [client ::1:60984] AH01630: client denied by server configuration: D:/My Programming Projects/My Projects/mysite/staticfilescss, referer: http://localhost:8080/
[Sat Feb 11 16:47:55.577852 2023] [authz_core:error] [pid 4604:tid 1136] [client ::1:60985] AH01630: client denied by server configuration: D:/My Programming Projects/My Projects/mysite/staticfilescss, referer: http://localhost:8080/
[Sat Feb 11 16:47:55.583834 2023] [authz_core:error] [pid 4604:tid 1120] [client ::1:60987] AH01630: client denied by server configuration: D:/My Programming Projects/My Projects/mysite/staticfilesimages, referer: http://localhost:8080/
[Sat Feb 11 16:47:55.584804 2023] [authz_core:error] [pid 4604:tid 1128] [client ::1:60986] AH01630: client denied by server configuration: D:/My Programming Projects/My Projects/mysite/staticfilesjs, referer: http://localhost:8080/
[Sat Feb 11 16:47:55.608676 2023] [authz_core:error] [pid 4604:tid 1128] [client ::1:60986] AH01630: client denied by server configuration: D:/My Programming Projects/My Projects/mysite/staticfilesicons, referer: http://localhost:8080/
[Sat Feb 11 16:47:58.173927 2023] [authz_core:error] [pid 4604:tid 1128] [client ::1:60986] AH01630: client denied by server configuration: D:/My Programming Projects/My Projects/mysite/staticfilescss, referer: http://localhost:8080/
[Sat Feb 11 16:47:58.180859 2023] [authz_core:error] [pid 4604:tid 1128] [client ::1:60986] AH01630: client denied by server configuration: D:/My Programming Projects/My Projects/mysite/staticfilescss, referer: http://localhost:8080/
[Sat Feb 11 16:47:58.181845 2023] [authz_core:error] [pid 4604:tid 1120] [client ::1:60987] AH01630: client denied by server configuration: D:/My Programming Projects/My Projects/mysite/staticfilesjs, referer: http://localhost:8080/
[Sat Feb 11 16:47:58.183829 2023] [authz_core:error] [pid 4604:tid 1136] [client ::1:60985] AH01630: client denied by server configuration: D:/My Programming Projects/My Projects/mysite/staticfilesimages, referer: http://localhost:8080/
[Sat Feb 11 16:47:58.200718 2023] [authz_core:error] [pid 4604:tid 1136] [client ::1:60985] AH01630: client denied by server configuration: D:/My Programming Projects/My Projects/mysite/staticfilesicons, referer: http://localhost:8080/
[Sat Feb 11 16:51:12.689229 2023] [authz_core:error] [pid 4604:tid 1136] [client ::1:61092] AH01630: client denied by server configuration: D:/My Programming Projects/My Projects/mysite/staticfilescss, referer: http://localhost:8080/
[Sat Feb 11 16:51:12.691212 2023] [authz_core:error] [pid 4604:tid 1120] [client ::1:61093] AH01630: client denied by server configuration: D:/My Programming Projects/My Projects/mysite/staticfilescss, referer: http://localhost:8080/
[Sat Feb 11 16:51:12.692212 2023] [authz_core:error] [pid 4604:tid 1128] [client ::1:61094] AH01630: client denied by server configuration: D:/My Programming Projects/My Projects/mysite/staticfilesjs, referer: http://localhost:8080/
[Sat Feb 11 16:51:12.698165 2023] [authz_core:error] [pid 4604:tid 1140] [client ::1:61095] AH01630: client denied by server configuration: D:/My Programming Projects/My Projects/mysite/staticfilesimages, referer: http://localhost:8080/
[Sat Feb 11 16:51:12.713083 2023] [authz_core:error] [pid 4604:tid 1140] [client ::1:61095] AH01630: client denied by server configuration: D:/My Programming Projects/My Projects/mysite/staticfilesicons, referer: http://localhost:8080/
[Sat Feb 11 16:51:13.399627 2023] [authz_core:error] [pid 4604:tid 1140] [client ::1:61095] AH01630: client denied by server configuration: D:/My Programming Projects/My Projects/mysite/staticfilescss, referer: http://localhost:8080/
[Sat Feb 11 16:51:13.400620 2023] [authz_core:error] [pid 4604:tid 1128] [client ::1:61094] AH01630: client denied by server configuration: D:/My Programming Projects/My Projects/mysite/staticfilescss, referer: http://localhost:8080/
[Sat Feb 11 16:51:13.402609 2023] [authz_core:error] [pid 4604:tid 1120] [client ::1:61093] AH01630: client denied by server configuration: D:/My Programming Projects/My Projects/mysite/staticfilesjs, referer: http://localhost:8080/
[Sat Feb 11 16:51:13.403602 2023] [authz_core:error] [pid 4604:tid 1136] [client ::1:61092] AH01630: client denied by server configuration: D:/My Programming Projects/My Projects/mysite/staticfilesimages, referer: http://localhost:8080/
[Sat Feb 11 16:51:13.426447 2023] [authz_core:error] [pid 4604:tid 1136] [client ::1:61092] AH01630: client denied by server configuration: D:/My Programming Projects/My Projects/mysite/staticfilesicons, referer: http://localhost:8080/
[Sat Feb 11 16:51:13.980570 2023] [authz_core:error] [pid 4604:tid 1136] [client ::1:61092] AH01630: client denied by server configuration: D:/My Programming Projects/My Projects/mysite/staticfilescss, referer: http://localhost:8080/
[Sat Feb 11 16:51:13.981563 2023] [authz_core:error] [pid 4604:tid 1120] [client ::1:61093] AH01630: client denied by server configuration: D:/My Programming Projects/My Projects/mysite/staticfilescss, referer: http://localhost:8080/
[Sat Feb 11 16:51:13.981563 2023] [authz_core:error] [pid 4604:tid 1128] [client ::1:61094] AH01630: client denied by server configuration: D:/My Programming Projects/My Projects/mysite/staticfilesjs, referer: http://localhost:8080/
[Sat Feb 11 16:51:13.982556 2023] [authz_core:error] [pid 4604:tid 1140] [client ::1:61095] AH01630: client denied by server configuration: D:/My Programming Projects/My Projects/mysite/staticfilesimages, referer: http://localhost:8080/
[Sat Feb 11 16:51:13.999445 2023] [authz_core:error] [pid 4604:tid 1140] [client ::1:61095] AH01630: client denied by server configuration: D:/My Programming Projects/My Projects/mysite/staticfilesicons, referer: http://localhost:8080/
[Sat Feb 11 16:51:14.295624 2023] [authz_core:error] [pid 4604:tid 1140] [client ::1:61095] AH01630: client denied by server configuration: D:/My Programming Projects/My Projects/mysite/staticfilescss, referer: http://localhost:8080/
[Sat Feb 11 16:51:14.295624 2023] [authz_core:error] [pid 4604:tid 1128] [client ::1:61094] AH01630: client denied by server configuration: D:/My Programming Projects/My Projects/mysite/staticfilescss, referer: http://localhost:8080/
[Sat Feb 11 16:51:14.298607 2023] [authz_core:error] [pid 4604:tid 1120] [client ::1:61093] AH01630: client denied by server configuration: D:/My Programming Projects/My Projects/mysite/staticfilesjs, referer: http://localhost:8080/
[Sat Feb 11 16:51:14.299600 2023] [authz_core:error] [pid 4604:tid 1136] [client ::1:61092] AH01630: client denied by server configuration: D:/My Programming Projects/My Projects/mysite/staticfilesimages, referer: http://localhost:8080/
[Sat Feb 11 16:51:14.322445 2023] [authz_core:error] [pid 4604:tid 1136] [client ::1:61092] AH01630: client denied by server configuration: D:/My Programming Projects/My Projects/mysite/staticfilesicons, referer: http://localhost:8080/
[Sat Feb 11 16:52:45.582954 2023] [authz_core:error] [pid 6684:tid 1140] [client ::1:61140] AH01630: client denied by server configuration: D:/My Programming Projects/My Projects/mysite/staticfilescss, referer: http://localhost:8080/
[Sat Feb 11 16:52:45.585929 2023] [authz_core:error] [pid 6684:tid 1136] [client ::1:61141] AH01630: client denied by server configuration: D:/My Programming Projects/My Projects/mysite/staticfilescss, referer: http://localhost:8080/
[Sat Feb 11 16:52:45.588908 2023] [authz_core:error] [pid 6684:tid 1128] [client ::1:61142] AH01630: client denied by server configuration: D:/My Programming Projects/My Projects/mysite/staticfilesjs, referer: http://localhost:8080/
[Sat Feb 11 16:52:45.588908 2023] [authz_core:error] [pid 6684:tid 1116] [client ::1:61143] AH01630: client denied by server configuration: D:/My Programming Projects/My Projects/mysite/staticfilesimages, referer: http://localhost:8080/
[Sat Feb 11 16:52:45.608775 2023] [authz_core:error] [pid 6684:tid 1128] [client ::1:61142] AH01630: client denied by server configuration: D:/My Programming Projects/My Projects/mysite/staticfilesicons, referer: http://localhost:8080/
[Sat Feb 11 16:52:47.419528 2023] [authz_core:error] [pid 6684:tid 1128] [client ::1:61142] AH01630: client denied by server configuration: D:/My Programming Projects/My Projects/mysite/staticfilescss, referer: http://localhost:8080/
[Sat Feb 11 16:52:47.422509 2023] [authz_core:error] [pid 6684:tid 1116] [client ::1:61143] AH01630: client denied by server configuration: D:/My Programming Projects/My Projects/mysite/staticfilescss, referer: http://localhost:8080/
[Sat Feb 11 16:52:47.423502 2023] [authz_core:error] [pid 6684:tid 1136] [client ::1:61141] AH01630: client denied by server configuration: D:/My Programming Projects/My Projects/mysite/staticfilesjs, referer: http://localhost:8080/
[Sat Feb 11 16:52:47.424495 2023] [authz_core:error] [pid 6684:tid 1140] [client ::1:61140] AH01630: client denied by server configuration: D:/My Programming Projects/My Projects/mysite/staticfilesimages, referer: http://localhost:8080/
[Sat Feb 11 16:52:47.443373 2023] [authz_core:error] [pid 6684:tid 1140] [client ::1:61140] AH01630: client denied by server configuration: D:/My Programming Projects/My Projects/mysite/staticfilesicons, referer: http://localhost:8080/
[Sat Feb 11 16:52:48.020516 2023] [authz_core:error] [pid 6684:tid 1136] [client ::1:61141] AH01630: client denied by server configuration: D:/My Programming Projects/My Projects/mysite/staticfilescss, referer: http://localhost:8080/
[Sat Feb 11 16:52:48.020516 2023] [authz_core:error] [pid 6684:tid 1140] [client ::1:61140] AH01630: client denied by server configuration: D:/My Programming Projects/My Projects/mysite/staticfilescss, referer: http://localhost:8080/
[Sat Feb 11 16:52:48.022501 2023] [authz_core:error] [pid 6684:tid 1116] [client ::1:61143] AH01630: client denied by server configuration: D:/My Programming Projects/My Projects/mysite/staticfilesjs, referer: http://localhost:8080/
[Sat Feb 11 16:52:48.024488 2023] [authz_core:error] [pid 6684:tid 1128] [client ::1:61142] AH01630: client denied by server configuration: D:/My Programming Projects/My Projects/mysite/staticfilesimages, referer: http://localhost:8080/
[Sat Feb 11 16:52:48.042369 2023] [authz_core:error] [pid 6684:tid 1128] [client ::1:61142] AH01630: client denied by server configuration: D:/My Programming Projects/My Projects/mysite/staticfilesicons, referer: http://localhost:8080/
[Sat Feb 11 16:52:48.585102 2023] [authz_core:error] [pid 6684:tid 1128] [client ::1:61142] AH01630: client denied by server configuration: D:/My Programming Projects/My Projects/mysite/staticfilescss, referer: http://localhost:8080/
[Sat Feb 11 16:52:48.586094 2023] [authz_core:error] [pid 6684:tid 1116] [client ::1:61143] AH01630: client denied by server configuration: D:/My Programming Projects/My Projects/mysite/staticfilescss, referer: http://localhost:8080/
[Sat Feb 11 16:52:48.586094 2023] [authz_core:error] [pid 6684:tid 1136] [client ::1:61141] AH01630: client denied by server configuration: D:/My Programming Projects/My Projects/mysite/staticfilesjs, referer: http://localhost:8080/
[Sat Feb 11 16:52:48.587088 2023] [authz_core:error] [pid 6684:tid 1140] [client ::1:61140] AH01630: client denied by server configuration: D:/My Programming Projects/My Projects/mysite/staticfilesimages, referer: http://localhost:8080/
[Sat Feb 11 16:52:48.607947 2023] [authz_core:error] [pid 6684:tid 1140] [client ::1:61140] AH01630: client denied by server configuration: D:/My Programming Projects/My Projects/mysite/staticfilesicons, referer: http://localhost:8080/
[Sat Feb 11 16:52:49.044498 2023] [authz_core:error] [pid 6684:tid 1140] [client ::1:61140] AH01630: client denied by server configuration: D:/My Programming Projects/My Projects/mysite/staticfilescss, referer: http://localhost:8080/
[Sat Feb 11 16:52:49.049465 2023] [authz_core:error] [pid 6684:tid 1136] [client ::1:61141] AH01630: client denied by server configuration: D:/My Programming Projects/My Projects/mysite/staticfilescss, referer: http://localhost:8080/
[Sat Feb 11 16:52:49.050457 2023] [authz_core:error] [pid 6684:tid 1116] [client ::1:61143] AH01630: client denied by server configuration: D:/My Programming Projects/My Projects/mysite/staticfilesjs, referer: http://localhost:8080/
[Sat Feb 11 16:52:49.052445 2023] [authz_core:error] [pid 6684:tid 1128] [client ::1:61142] AH01630: client denied by server configuration: D:/My Programming Projects/My Projects/mysite/staticfilesimages, referer: http://localhost:8080/
[Sat Feb 11 16:52:49.076289 2023] [authz_core:error] [pid 6684:tid 1128] [client ::1:61142] AH01630: client denied by server configuration: D:/My Programming Projects/My Projects/mysite/staticfilesicons, referer: http://localhost:8080/
[Sat Feb 11 16:52:49.544515 2023] [authz_core:error] [pid 6684:tid 1128] [client ::1:61142] AH01630: client denied by server configuration: D:/My Programming Projects/My Projects/mysite/staticfilescss, referer: http://localhost:8080/
[Sat Feb 11 16:52:49.549473 2023] [authz_core:error] [pid 6684:tid 1116] [client ::1:61143] AH01630: client denied by server configuration: D:/My Programming Projects/My Projects/mysite/staticfilescss, referer: http://localhost:8080/
[Sat Feb 11 16:52:49.549473 2023] [authz_core:error] [pid 6684:tid 1136] [client ::1:61141] AH01630: client denied by server configuration: D:/My Programming Projects/My Projects/mysite/staticfilesjs, referer: http://localhost:8080/
[Sat Feb 11 16:52:49.551461 2023] [authz_core:error] [pid 6684:tid 1140] [client ::1:61140] AH01630: client denied by server configuration: D:/My Programming Projects/My Projects/mysite/staticfilesimages, referer: http://localhost:8080/
[Sat Feb 11 16:52:49.574306 2023] [authz_core:error] [pid 6684:tid 1140] [client ::1:61140] AH01630: client denied by server configuration: D:/My Programming Projects/My Projects/mysite/staticfilesicons, referer: http://localhost:8080/
[Sat Feb 11 16:58:02.148995 2023] [authz_core:error] [pid 6684:tid 1140] [client ::1:61312] AH01630: client denied by server configuration: D:/My Programming Projects/My Projects/mysite/staticfilescss, referer: http://localhost:8080/
[Sat Feb 11 16:58:02.148995 2023] [authz_core:error] [pid 6684:tid 1136] [client ::1:61313] AH01630: client denied by server configuration: D:/My Programming Projects/My Projects/mysite/staticfilescss, referer: http://localhost:8080/
[Sat Feb 11 16:58:02.154957 2023] [authz_core:error] [pid 6684:tid 1116] [client ::1:61314] AH01630: client denied by server configuration: D:/My Programming Projects/My Projects/mysite/staticfilesjs, referer: http://localhost:8080/
[Sat Feb 11 16:58:02.162901 2023] [authz_core:error] [pid 6684:tid 1136] [client ::1:61313] AH01630: client denied by server configuration: D:/My Programming Projects/My Projects/mysite/staticfilesimages, referer: http://localhost:8080/
[Sat Feb 11 16:58:02.176808 2023] [authz_core:error] [pid 6684:tid 1136] [client ::1:61313] AH01630: client denied by server configuration: D:/My Programming Projects/My Projects/mysite/staticfilesicons, referer: http://localhost:8080/
[Sat Feb 11 16:58:02.755767 2023] [authz_core:error] [pid 6684:tid 1136] [client ::1:61313] AH01630: client denied by server configuration: D:/My Programming Projects/My Projects/mysite/staticfilescss, referer: http://localhost:8080/
[Sat Feb 11 16:58:02.759736 2023] [authz_core:error] [pid 6684:tid 1116] [client ::1:61314] AH01630: client denied by server configuration: D:/My Programming Projects/My Projects/mysite/staticfilescss, referer: http://localhost:8080/
[Sat Feb 11 16:58:02.760731 2023] [authz_core:error] [pid 6684:tid 1140] [client ::1:61312] AH01630: client denied by server configuration: D:/My Programming Projects/My Projects/mysite/staticfilesjs, referer: http://localhost:8080/
[Sat Feb 11 16:58:02.765699 2023] [authz_core:error] [pid 6684:tid 1116] [client ::1:61314] AH01630: client denied by server configuration: D:/My Programming Projects/My Projects/mysite/staticfilesimages, referer: http://localhost:8080/
[Sat Feb 11 16:58:02.782616 2023] [authz_core:error] [pid 6684:tid 1116] [client ::1:61314] AH01630: client denied by server configuration: D:/My Programming Projects/My Projects/mysite/staticfilesicons, referer: http://localhost:8080/
[Sat Feb 11 16:58:03.253115 2023] [authz_core:error] [pid 6684:tid 1116] [client ::1:61314] AH01630: client denied by server configuration: D:/My Programming Projects/My Projects/mysite/staticfilescss, referer: http://localhost:8080/
[Sat Feb 11 16:58:03.255103 2023] [authz_core:error] [pid 6684:tid 1140] [client ::1:61312] AH01630: client denied by server configuration: D:/My Programming Projects/My Projects/mysite/staticfilescss, referer: http://localhost:8080/
[Sat Feb 11 16:58:03.255103 2023] [authz_core:error] [pid 6684:tid 1136] [client ::1:61313] AH01630: client denied by server configuration: D:/My Programming Projects/My Projects/mysite/staticfilesjs, referer: http://localhost:8080/
[Sat Feb 11 16:58:03.262055 2023] [authz_core:error] [pid 6684:tid 1116] [client ::1:61314] AH01630: client denied by server configuration: D:/My Programming Projects/My Projects/mysite/staticfilesimages, referer: http://localhost:8080/
[Sat Feb 11 16:58:03.278942 2023] [authz_core:error] [pid 6684:tid 1116] [client ::1:61314] AH01630: client denied by server configuration: D:/My Programming Projects/My Projects/mysite/staticfilesicons, referer: http://localhost:8080/
[Sat Feb 11 16:58:03.734108 2023] [authz_core:error] [pid 6684:tid 1116] [client ::1:61314] AH01630: client denied by server configuration: D:/My Programming Projects/My Projects/mysite/staticfilescss, referer: http://localhost:8080/
[Sat Feb 11 16:58:03.735101 2023] [authz_core:error] [pid 6684:tid 1136] [client ::1:61313] AH01630: client denied by server configuration: D:/My Programming Projects/My Projects/mysite/staticfilescss, referer: http://localhost:8080/
[Sat Feb 11 16:58:03.738086 2023] [authz_core:error] [pid 6684:tid 1140] [client ::1:61312] AH01630: client denied by server configuration: D:/My Programming Projects/My Projects/mysite/staticfilesjs, referer: http://localhost:8080/
[Sat Feb 11 16:58:03.748014 2023] [authz_core:error] [pid 6684:tid 1136] [client ::1:61313] AH01630: client denied by server configuration: D:/My Programming Projects/My Projects/mysite/staticfilesimages, referer: http://localhost:8080/
[Sat Feb 11 16:58:03.760927 2023] [authz_core:error] [pid 6684:tid 1136] [client ::1:61313] AH01630: client denied by server configuration: D:/My Programming Projects/My Projects/mysite/staticfilesicons, referer: http://localhost:8080/
[Sat Feb 11 16:58:04.202487 2023] [authz_core:error] [pid 6684:tid 1136] [client ::1:61313] AH01630: client denied by server configuration: D:/My Programming Projects/My Projects/mysite/staticfilescss, referer: http://localhost:8080/
[Sat Feb 11 16:58:04.205465 2023] [authz_core:error] [pid 6684:tid 1140] [client ::1:61312] AH01630: client denied by server configuration: D:/My Programming Projects/My Projects/mysite/staticfilescss, referer: http://localhost:8080/
[Sat Feb 11 16:58:04.205465 2023] [authz_core:error] [pid 6684:tid 1116] [client ::1:61314] AH01630: client denied by server configuration: D:/My Programming Projects/My Projects/mysite/staticfilesjs, referer: http://localhost:8080/
[Sat Feb 11 16:58:04.214403 2023] [authz_core:error] [pid 6684:tid 1116] [client ::1:61314] AH01630: client denied by server configuration: D:/My Programming Projects/My Projects/mysite/staticfilesimages, referer: http://localhost:8080/
[Sat Feb 11 16:58:04.233307 2023] [authz_core:error] [pid 6684:tid 1116] [client ::1:61314] AH01630: client denied by server configuration: D:/My Programming Projects/My Projects/mysite/staticfilesicons, referer: http://localhost:8080/
[Sat Feb 11 16:58:04.653131 2023] [authz_core:error] [pid 6684:tid 1116] [client ::1:61314] AH01630: client denied by server configuration: D:/My Programming Projects/My Projects/mysite/staticfilescss, referer: http://localhost:8080/
[Sat Feb 11 16:58:04.655118 2023] [authz_core:error] [pid 6684:tid 1140] [client ::1:61312] AH01630: client denied by server configuration: D:/My Programming Projects/My Projects/mysite/staticfilescss, referer: http://localhost:8080/
[Sat Feb 11 16:58:04.656111 2023] [authz_core:error] [pid 6684:tid 1136] [client ::1:61313] AH01630: client denied by server configuration: D:/My Programming Projects/My Projects/mysite/staticfilesjs, referer: http://localhost:8080/
[Sat Feb 11 16:58:04.663064 2023] [authz_core:error] [pid 6684:tid 1116] [client ::1:61314] AH01630: client denied by server configuration: D:/My Programming Projects/My Projects/mysite/staticfilesimages, referer: http://localhost:8080/
[Sat Feb 11 16:58:04.681937 2023] [authz_core:error] [pid 6684:tid 1116] [client ::1:61314] AH01630: client denied by server configuration: D:/My Programming Projects/My Projects/mysite/staticfilesicons, referer: http://localhost:8080/
[Sat Feb 11 16:58:49.911026 2023] [authz_core:error] [pid 6684:tid 1116] [client ::1:61344] AH01630: client denied by server configuration: D:/My Programming Projects/My Projects/mysite/staticfilescss, referer: http://localhost:8080/
[Sat Feb 11 16:58:49.913013 2023] [authz_core:error] [pid 6684:tid 1140] [client ::1:61345] AH01630: client denied by server configuration: D:/My Programming Projects/My Projects/mysite/staticfilescss, referer: http://localhost:8080/
[Sat Feb 11 16:58:49.915005 2023] [authz_core:error] [pid 6684:tid 1136] [client ::1:61346] AH01630: client denied by server configuration: D:/My Programming Projects/My Projects/mysite/staticfilesjs, referer: http://localhost:8080/
[Sat Feb 11 16:58:49.918974 2023] [authz_core:error] [pid 6684:tid 1116] [client ::1:61344] AH01630: client denied by server configuration: D:/My Programming Projects/My Projects/mysite/staticfilesimages, referer: http://localhost:8080/
[Sat Feb 11 16:58:49.939833 2023] [authz_core:error] [pid 6684:tid 1116] [client ::1:61344] AH01630: client denied by server configuration: D:/My Programming Projects/My Projects/mysite/staticfilesicons, referer: http://localhost:8080/
[Sat Feb 11 17:18:27.988538 2023] [authz_core:error] [pid 9892:tid 1140] [client ::1:61924] AH01630: client denied by server configuration: D:/My Programming Projects/My Projects/mysite/staticfilescss, referer: http://localhost:8080/
[Sat Feb 11 17:18:27.989532 2023] [authz_core:error] [pid 9892:tid 1136] [client ::1:61925] AH01630: client denied by server configuration: D:/My Programming Projects/My Projects/mysite/staticfilescss, referer: http://localhost:8080/
[Sat Feb 11 17:18:27.990525 2023] [authz_core:error] [pid 9892:tid 1128] [client ::1:61926] AH01630: client denied by server configuration: D:/My Programming Projects/My Projects/mysite/staticfilesjs, referer: http://localhost:8080/
[Sat Feb 11 17:18:27.995493 2023] [authz_core:error] [pid 9892:tid 1120] [client ::1:61927] AH01630: client denied by server configuration: D:/My Programming Projects/My Projects/mysite/staticfilesimages, referer: http://localhost:8080/
[Sat Feb 11 17:18:28.009398 2023] [authz_core:error] [pid 9892:tid 1120] [client ::1:61927] AH01630: client denied by server configuration: D:/My Programming Projects/My Projects/mysite/staticfilesicons, referer: http://localhost:8080/
[Sat Feb 11 17:18:52.659456 2023] [authz_core:error] [pid 9892:tid 1120] [client ::1:61942] AH01630: client denied by server configuration: D:/My Programming Projects/My Projects/mysite/staticfilescss, referer: http://localhost:8080/
[Sat Feb 11 17:18:52.660450 2023] [authz_core:error] [pid 9892:tid 1136] [client ::1:61943] AH01630: client denied by server configuration: D:/My Programming Projects/My Projects/mysite/staticfilescss, referer: http://localhost:8080/
[Sat Feb 11 17:18:52.662436 2023] [authz_core:error] [pid 9892:tid 1140] [client ::1:61944] AH01630: client denied by server configuration: D:/My Programming Projects/My Projects/mysite/staticfilesjs, referer: http://localhost:8080/
[Sat Feb 11 17:18:52.662436 2023] [authz_core:error] [pid 9892:tid 1128] [client ::1:61945] AH01630: client denied by server configuration: D:/My Programming Projects/My Projects/mysite/staticfilesimages, referer: http://localhost:8080/
[Sat Feb 11 17:18:52.682305 2023] [authz_core:error] [pid 9892:tid 1128] [client ::1:61945] AH01630: client denied by server configuration: D:/My Programming Projects/My Projects/mysite/staticfilesicons, referer: http://localhost:8080/
[Sat Feb 11 17:18:53.327062 2023] [authz_core:error] [pid 9892:tid 1128] [client ::1:61945] AH01630: client denied by server configuration: D:/My Programming Projects/My Projects/mysite/staticfilescss, referer: http://localhost:8080/
[Sat Feb 11 17:18:53.328055 2023] [authz_core:error] [pid 9892:tid 1140] [client ::1:61944] AH01630: client denied by server configuration: D:/My Programming Projects/My Projects/mysite/staticfilescss, referer: http://localhost:8080/
[Sat Feb 11 17:18:53.330042 2023] [authz_core:error] [pid 9892:tid 1136] [client ::1:61943] AH01630: client denied by server configuration: D:/My Programming Projects/My Projects/mysite/staticfilesjs, referer: http://localhost:8080/
[Sat Feb 11 17:18:53.330042 2023] [authz_core:error] [pid 9892:tid 1120] [client ::1:61942] AH01630: client denied by server configuration: D:/My Programming Projects/My Projects/mysite/staticfilesimages, referer: http://localhost:8080/
[Sat Feb 11 17:18:53.350907 2023] [authz_core:error] [pid 9892:tid 1120] [client ::1:61942] AH01630: client denied by server configuration: D:/My Programming Projects/My Projects/mysite/staticfilesicons, referer: http://localhost:8080/
[Sat Feb 11 17:18:53.926535 2023] [authz_core:error] [pid 9892:tid 1120] [client ::1:61942] AH01630: client denied by server configuration: D:/My Programming Projects/My Projects/mysite/staticfilescss, referer: http://localhost:8080/
[Sat Feb 11 17:18:53.926535 2023] [authz_core:error] [pid 9892:tid 1136] [client ::1:61943] AH01630: client denied by server configuration: D:/My Programming Projects/My Projects/mysite/staticfilescss, referer: http://localhost:8080/
[Sat Feb 11 17:18:53.930508 2023] [authz_core:error] [pid 9892:tid 1140] [client ::1:61944] AH01630: client denied by server configuration: D:/My Programming Projects/My Projects/mysite/staticfilesjs, referer: http://localhost:8080/
[Sat Feb 11 17:18:53.930508 2023] [authz_core:error] [pid 9892:tid 1128] [client ::1:61945] AH01630: client denied by server configuration: D:/My Programming Projects/My Projects/mysite/staticfilesimages, referer: http://localhost:8080/
[Sat Feb 11 17:18:53.950378 2023] [authz_core:error] [pid 9892:tid 1128] [client ::1:61945] AH01630: client denied by server configuration: D:/My Programming Projects/My Projects/mysite/staticfilesicons, referer: http://localhost:8080/
[Sat Feb 11 17:18:54.550310 2023] [authz_core:error] [pid 9892:tid 1128] [client ::1:61945] AH01630: client denied by server configuration: D:/My Programming Projects/My Projects/mysite/staticfilescss, referer: http://localhost:8080/
[Sat Feb 11 17:18:54.553298 2023] [authz_core:error] [pid 9892:tid 1140] [client ::1:61944] AH01630: client denied by server configuration: D:/My Programming Projects/My Projects/mysite/staticfilescss, referer: http://localhost:8080/
[Sat Feb 11 17:18:54.561237 2023] [authz_core:error] [pid 9892:tid 1136] [client ::1:61943] AH01630: client denied by server configuration: D:/My Programming Projects/My Projects/mysite/staticfilesjs, referer: http://localhost:8080/
[Sat Feb 11 17:18:54.589051 2023] [authz_core:error] [pid 9892:tid 1136] [client ::1:61943] AH01630: client denied by server configuration: D:/My Programming Projects/My Projects/mysite/staticfilesimages, referer: http://localhost:8080/
[Sat Feb 11 17:18:54.602958 2023] [authz_core:error] [pid 9892:tid 1136] [client ::1:61943] AH01630: client denied by server configuration: D:/My Programming Projects/My Projects/mysite/staticfilesicons, referer: http://localhost:8080/
[Sat Feb 11 17:26:59.559948 2023] [authz_core:error] [pid 10804:tid 1144] [client ::1:62194] AH01630: client denied by server configuration: D:/My Programming Projects/My Projects/mysite/staticfilescss, referer: http://localhost:8080/
[Sat Feb 11 17:26:59.559948 2023] [authz_core:error] [pid 10804:tid 1136] [client ::1:62195] AH01630: client denied by server configuration: D:/My Programming Projects/My Projects/mysite/staticfilescss, referer: http://localhost:8080/
[Sat Feb 11 17:26:59.564913 2023] [authz_core:error] [pid 10804:tid 1128] [client ::1:62196] AH01630: client denied by server configuration: D:/My Programming Projects/My Projects/mysite/staticfilesjs, referer: http://localhost:8080/
[Sat Feb 11 17:26:59.564913 2023] [authz_core:error] [pid 10804:tid 1120] [client ::1:62197] AH01630: client denied by server configuration: D:/My Programming Projects/My Projects/mysite/staticfilesimages, referer: http://localhost:8080/
[Sat Feb 11 17:27:01.423784 2023] [authz_core:error] [pid 10804:tid 1120] [client ::1:62197] AH01630: client denied by server configuration: D:/My Programming Projects/My Projects/mysite/staticfilescss, referer: http://localhost:8080/
[Sat Feb 11 17:27:01.424777 2023] [authz_core:error] [pid 10804:tid 1128] [client ::1:62196] AH01630: client denied by server configuration: D:/My Programming Projects/My Projects/mysite/staticfilescss, referer: http://localhost:8080/
[Sat Feb 11 17:27:01.425774 2023] [authz_core:error] [pid 10804:tid 1144] [client ::1:62194] AH01630: client denied by server configuration: D:/My Programming Projects/My Projects/mysite/staticfilesimages, referer: http://localhost:8080/
[Sat Feb 11 17:27:01.425774 2023] [authz_core:error] [pid 10804:tid 1136] [client ::1:62195] AH01630: client denied by server configuration: D:/My Programming Projects/My Projects/mysite/staticfilesjs, referer: http://localhost:8080/
[Sat Feb 11 17:27:02.135786 2023] [authz_core:error] [pid 10804:tid 1136] [client ::1:62195] AH01630: client denied by server configuration: D:/My Programming Projects/My Projects/mysite/staticfilescss, referer: http://localhost:8080/
[Sat Feb 11 17:27:02.136779 2023] [authz_core:error] [pid 10804:tid 1144] [client ::1:62194] AH01630: client denied by server configuration: D:/My Programming Projects/My Projects/mysite/staticfilescss, referer: http://localhost:8080/
[Sat Feb 11 17:27:02.137773 2023] [authz_core:error] [pid 10804:tid 1128] [client ::1:62196] AH01630: client denied by server configuration: D:/My Programming Projects/My Projects/mysite/staticfilesjs, referer: http://localhost:8080/
[Sat Feb 11 17:27:02.142746 2023] [authz_core:error] [pid 10804:tid 1120] [client ::1:62197] AH01630: client denied by server configuration: D:/My Programming Projects/My Projects/mysite/staticfilesimages, referer: http://localhost:8080/
